Build started 12/7/2015 4:50:13 PM.
     1>Project "C:\Users\brian.ellis\Documents\Visual Studio 2015\Projects\referenceExercise\referenceExercise\referenceExercise.vcxproj" on node 2 (Build target(s)).
     1>ClCompile:
         C:\Program Files (x86)\Microsoft Visual Studio 14.0\VC\bin\CL.exe /c /Zi /nologo /W3 /WX- /sdl /O2 /Oi /Oy- /GL /D _MBCS /Gm- /EHsc /MD /GS /Gy /fp:precise /Zc:wchar_t /Zc:forScope /Zc:inline /Fo"Release\\" /Fd"Release\vc140.pdb" /Gd /TP /analyze- /errorReport:prompt player.cpp
         player.cpp
       Link:
         C:\Program Files (x86)\Microsoft Visual Studio 14.0\VC\bin\link.exe /ERRORREPORT:PROMPT /OUT:"C:\Users\brian.ellis\Documents\Visual Studio 2015\Projects\referenceExercise\Release\referenceExercise.exe" /NOLOGO sfw.lib kernel32.lib user32.lib gdi32.lib winspool.lib comdlg32.lib advapi32.lib shell32.lib ole32.lib oleaut32.lib uuid.lib odbc32.lib odbccp32.lib /MANIFEST /MANIFESTUAC:"level='asInvoker' uiAccess='false'" /manifest:embed /Debug /PDB:"C:\Users\brian.ellis\Documents\Visual Studio 2015\Projects\referenceExercise\Release\referenceExercise.pdb" /OPT:REF /OPT:ICF /LTCG:incremental /TLBID:1 /DYNAMICBASE /NXCOMPAT /IMPLIB:"C:\Users\brian.ellis\Documents\Visual Studio 2015\Projects\referenceExercise\Release\referenceExercise.lib" /MACHINE:X86 /SAFESEH Release\gameobject.obj
         Release\main.obj
         Release\player.obj
         Release\vec2.obj
         Generating code
         1 of 25 functions ( 4.0%) were compiled, the rest were copied from previous compilation.
           0 functions were new in current compilation
           0 functions had inline decision re-evaluated but remain unchanged
         Finished generating code
     1>sfw.lib(sfwdraw.obj) : warning LNK4099: PDB 'SFW.pdb' was not found with 'sfw.lib(sfwdraw.obj)' or at 'C:\Users\brian.ellis\Documents\Visual Studio 2015\Projects\referenceExercise\Release\SFW.pdb'; linking object as if no debug info
         referenceExercise.vcxproj -> C:\Users\brian.ellis\Documents\Visual Studio 2015\Projects\referenceExercise\Release\referenceExercise.exe
     1>Done Building Project "C:\Users\brian.ellis\Documents\Visual Studio 2015\Projects\referenceExercise\referenceExercise\referenceExercise.vcxproj" (Build target(s)).

Build succeeded.

Time Elapsed 00:00:00.39
